<?xml version="1.0" encoding="UTF-8"?>
<!-- Generated by org.testng.reporters.JUnitXMLReporter -->
<testsuite hostname="TP6BVDIW7DEV288" ignored="0" name="SecondLogin" tests="1" failures="0" timestamp="03 Oct 2019 12:52:48 GMT" time="1.875" errors="0">
  <testcase name="@BeforeTest intialize" time="1.864" classname="Hybrid.SecondLogin">
    <failure type="java.io.FileNotFoundException" message="Source &amp;apos;C:\Users\UX015235\eclipse-workspace\SharedFrameWork\Results\SecondLogin_03-10-2019_18-22-48&amp;apos; does not exist">
      <![CDATA[java.io.FileNotFoundException: Source 'C:\Users\UX015235\eclipse-workspace\SharedFrameWork\Results\SecondLogin_03-10-2019_18-22-48' does not exist
at org.apache.commons.io.FileUtils.moveDirectory(FileUtils.java:2298)
at Hybrid.BaseInitialization.MakeResultsFolderForTest(BaseInitialization.java:96)
at Hybrid.SecondLogin.intialize(SecondLogin.java:27)
... Removed 24 stack frames]]>
    </failure>
  </testcase> <!-- @BeforeTest intialize -->
  <testcase name="@AfterTest closeAll" time="0.0" classname="Hybrid.SecondLogin">
    <skipped/>
  </testcase> <!-- @AfterTest closeAll -->
  <testcase name="ZE" time="0.0" classname="Hybrid.SecondLogin">
    <skipped/>
  </testcase> <!-- ZE -->
</testsuite> <!-- SecondLogin -->
