<?xml version="1.0" encoding="UTF-8"?>
<testng-results skipped="0" failed="0" ignored="0" total="1" passed="1">
  <reporter-output>
  </reporter-output>
  <suite name="Default suite" duration-ms="12013" started-at="2019-09-30T14:29:20Z" finished-at="2019-09-30T14:29:32Z">
    <groups>
    </groups>
    <test name="Default test" duration-ms="12013" started-at="2019-09-30T14:29:20Z" finished-at="2019-09-30T14:29:32Z">
      <class name="Hybrid.TesterLogin">
        <test-method status="PASS" signature="intialize()[pri:0, instance:Hybrid.TesterLogin@1593948d]" name="intialize" is-config="true" duration-ms="3321" started-at="2019-09-30T14:29:20Z" finished-at="2019-09-30T14:29:23Z">
          <reporter-output>
          </reporter-output>
        </test-method> <!-- intialize -->
        <test-method status="PASS" signature="OpenUrl()[pri:0, instance:Hybrid.TesterLogin@1593948d]" name="OpenUrl" duration-ms="8656" started-at="2019-09-30T14:29:23Z" finished-at="2019-09-30T14:29:32Z">
          <reporter-output>
          </reporter-output>
        </test-method> <!-- OpenUrl -->
      </class> <!-- Hybrid.TesterLogin -->
    </test> <!-- Default test -->
  </suite> <!-- Default suite -->
</testng-results>
