<?xml version="1.0" encoding="UTF-8"?>
<testng-results skipped="0" failed="0" ignored="0" total="1" passed="1">
  <reporter-output>
  </reporter-output>
  <suite name="Default suite" duration-ms="41963" started-at="2019-10-01T17:11:20Z" finished-at="2019-10-01T17:12:02Z">
    <groups>
    </groups>
    <test name="Default test" duration-ms="41963" started-at="2019-10-01T17:11:20Z" finished-at="2019-10-01T17:12:02Z">
      <class name="Hybrid.TesterLogin">
        <test-method status="PASS" signature="intialize()[pri:0, instance:Hybrid.TesterLogin@6a4f787b]" name="intialize" is-config="true" duration-ms="4155" started-at="2019-10-01T17:11:20Z" finished-at="2019-10-01T17:11:24Z">
          <reporter-output>
          </reporter-output>
        </test-method> <!-- intialize -->
        <test-method status="PASS" signature="OpenUrl()[pri:0, instance:Hybrid.TesterLogin@6a4f787b]" name="OpenUrl" duration-ms="35689" started-at="2019-10-01T17:11:24Z" finished-at="2019-10-01T17:12:00Z">
          <reporter-output>
          </reporter-output>
        </test-method> <!-- OpenUrl -->
        <test-method status="PASS" signature="closeAll()[pri:0, instance:Hybrid.TesterLogin@6a4f787b]" name="closeAll" is-config="true" duration-ms="2085" started-at="2019-10-01T17:12:00Z" finished-at="2019-10-01T17:12:02Z">
          <reporter-output>
          </reporter-output>
        </test-method> <!-- closeAll -->
      </class> <!-- Hybrid.TesterLogin -->
    </test> <!-- Default test -->
  </suite> <!-- Default suite -->
</testng-results>
